<testsuites name="jest tests" tests="4" failures="0" time="8.099">
  <testsuite name="undefined" errors="0" failures="0" skipped="0" timestamp="2024-09-26T11:05:52" time="8.099" tests="4">
    <testcase classname=" Initial articles render correctly" name=" Initial articles render correctly" time="0.035">
    </testcase>
    <testcase classname=" Clicking on top renders expected articles" name=" Clicking on top renders expected articles" time="0.016">
    </testcase>
    <testcase classname=" Clicking on newest renders expected articles" name=" Clicking on newest renders expected articles" time="0.011">
    </testcase>
    <testcase classname=" Sequence of navigation clicks renders expected articles" name=" Sequence of navigation clicks renders expected articles" time="0.022">
    </testcase>
  </testsuite>
</testsuites>